[03-Nov-2018 04:39:26 UTC] PHP Fatal error:  Call to undefined function addLeaderBoard() in /home/ubuntu/workspace/CST336/HW/HW2/index.php on line 38
[03-Nov-2018 04:39:26 UTC] PHP Stack trace:
[03-Nov-2018 04:39:26 UTC] PHP   1. {main}() /home/ubuntu/workspace/CST336/HW/HW2/index.php:0
[03-Nov-2018 04:40:31 UTC] PHP Fatal error:  Call to undefined function addLeaderBoard() in /home/ubuntu/workspace/CST336/HW/HW2/index.php on line 38
[03-Nov-2018 04:40:31 UTC] PHP Stack trace:
[03-Nov-2018 04:40:31 UTC] PHP   1. {main}() /home/ubuntu/workspace/CST336/HW/HW2/index.php:0
[03-Nov-2018 04:43:54 UTC] PHP Parse error:  syntax error, unexpected 'new' (T_NEW) in /home/ubuntu/workspace/CST336/HW/HW2/index.php on line 25
[03-Nov-2018 04:48:04 UTC] PHP Parse error:  syntax error, unexpected 'startGame' (T_STRING), expecting variable (T_VARIABLE) in /home/ubuntu/workspace/CST336/HW/HW2/index.php on line 19
[03-Nov-2018 04:49:05 UTC] PHP Parse error:  syntax error, unexpected 'new' (T_NEW) in /home/ubuntu/workspace/CST336/HW/HW2/index.php on line 26
[03-Nov-2018 04:55:01 UTC] PHP Fatal error:  Call to undefined function addLeaderBoard() in /home/ubuntu/workspace/CST336/HW/HW2/index.php on line 41
[03-Nov-2018 04:55:01 UTC] PHP Stack trace:
[03-Nov-2018 04:55:01 UTC] PHP   1. {main}() /home/ubuntu/workspace/CST336/HW/HW2/index.php:0
[03-Nov-2018 04:57:32 UTC] PHP Fatal error:  Call to undefined function getLeaderBoard() in /home/ubuntu/workspace/CST336/HW/HW2/index.php on line 43
[03-Nov-2018 04:57:32 UTC] PHP Stack trace:
[03-Nov-2018 04:57:32 UTC] PHP   1. {main}() /home/ubuntu/workspace/CST336/HW/HW2/index.php:0
[03-Nov-2018 04:59:36 UTC] PHP Warning:  array_push() expects parameter 1 to be array, null given in /home/ubuntu/workspace/CST336/HW/HW2/index.php on line 34
[03-Nov-2018 04:59:36 UTC] PHP Stack trace:
[03-Nov-2018 04:59:36 UTC] PHP   1. {main}() /home/ubuntu/workspace/CST336/HW/HW2/index.php:0
[03-Nov-2018 04:59:36 UTC] PHP   2. GameBoard->addLeaderBoard() /home/ubuntu/workspace/CST336/HW/HW2/index.php:41
[03-Nov-2018 04:59:36 UTC] PHP   3. array_push() /home/ubuntu/workspace/CST336/HW/HW2/index.php:34
[03-Nov-2018 05:15:31 UTC] PHP Warning:  array_push() expects parameter 1 to be array, null given in /home/ubuntu/workspace/CST336/HW/HW2/index.php on line 38
[03-Nov-2018 05:15:31 UTC] PHP Stack trace:
[03-Nov-2018 05:15:31 UTC] PHP   1. {main}() /home/ubuntu/workspace/CST336/HW/HW2/index.php:0
[03-Nov-2018 05:15:31 UTC] PHP   2. GameBoard->addLeaderBoard() /home/ubuntu/workspace/CST336/HW/HW2/index.php:45
[03-Nov-2018 05:15:31 UTC] PHP   3. array_push() /home/ubuntu/workspace/CST336/HW/HW2/index.php:38
[03-Nov-2018 05:17:29 UTC] PHP Parse error:  syntax error, unexpected 'echo' (T_ECHO) in /home/ubuntu/workspace/CST336/HW/HW2/index.php on line 49
[03-Nov-2018 05:32:21 UTC] PHP Parse error:  syntax error, unexpected ';' in /home/ubuntu/workspace/CST336/HW/HW2/index.php on line 45
[03-Nov-2018 05:36:28 UTC] PHP Parse error:  syntax error, unexpected ';' in /home/ubuntu/workspace/CST336/HW/HW2/index.php on line 46
[03-Nov-2018 05:44:57 UTC] PHP Fatal error:  Cannot access empty property in /home/ubuntu/workspace/CST336/HW/HW2/index.php on line 29
[03-Nov-2018 05:44:57 UTC] PHP Stack trace:
[03-Nov-2018 05:44:57 UTC] PHP   1. {main}() /home/ubuntu/workspace/CST336/HW/HW2/index.php:0
[03-Nov-2018 05:44:57 UTC] PHP   2. GameBoard->initBoard() /home/ubuntu/workspace/CST336/HW/HW2/index.php:42
[03-Nov-2018 05:45:22 UTC] PHP Fatal error:  Cannot access empty property in /home/ubuntu/workspace/CST336/HW/HW2/index.php on line 29
[03-Nov-2018 05:45:22 UTC] PHP Stack trace:
[03-Nov-2018 05:45:22 UTC] PHP   1. {main}() /home/ubuntu/workspace/CST336/HW/HW2/index.php:0
[03-Nov-2018 05:45:22 UTC] PHP   2. GameBoard->initBoard() /home/ubuntu/workspace/CST336/HW/HW2/index.php:42
[03-Nov-2018 05:59:37 UTC] PHP Fatal error:  Cannot access empty property in /home/ubuntu/workspace/CST336/HW/HW2/index.php on line 73
[03-Nov-2018 05:59:37 UTC] PHP Stack trace:
[03-Nov-2018 05:59:37 UTC] PHP   1. {main}() /home/ubuntu/workspace/CST336/HW/HW2/index.php:0
[03-Nov-2018 05:59:37 UTC] PHP   2. GameBoard->getGameCurrent() /home/ubuntu/workspace/CST336/HW/HW2/index.php:85
[03-Nov-2018 06:00:29 UTC] PHP Fatal error:  Cannot access empty property in /home/ubuntu/workspace/CST336/HW/HW2/index.php on line 73
[03-Nov-2018 06:00:29 UTC] PHP Stack trace:
[03-Nov-2018 06:00:29 UTC] PHP   1. {main}() /home/ubuntu/workspace/CST336/HW/HW2/index.php:0
[03-Nov-2018 06:00:29 UTC] PHP   2. GameBoard->getGameCurrent() /home/ubuntu/workspace/CST336/HW/HW2/index.php:85
[03-Nov-2018 06:00:30 UTC] PHP Fatal error:  Cannot access empty property in /home/ubuntu/workspace/CST336/HW/HW2/index.php on line 73
[03-Nov-2018 06:00:30 UTC] PHP Stack trace:
[03-Nov-2018 06:00:30 UTC] PHP   1. {main}() /home/ubuntu/workspace/CST336/HW/HW2/index.php:0
[03-Nov-2018 06:00:30 UTC] PHP   2. GameBoard->getGameCurrent() /home/ubuntu/workspace/CST336/HW/HW2/index.php:85
[03-Nov-2018 06:00:31 UTC] PHP Fatal error:  Cannot access empty property in /home/ubuntu/workspace/CST336/HW/HW2/index.php on line 73
[03-Nov-2018 06:00:31 UTC] PHP Stack trace:
[03-Nov-2018 06:00:31 UTC] PHP   1. {main}() /home/ubuntu/workspace/CST336/HW/HW2/index.php:0
[03-Nov-2018 06:00:31 UTC] PHP   2. GameBoard->getGameCurrent() /home/ubuntu/workspace/CST336/HW/HW2/index.php:85
[03-Nov-2018 06:00:50 UTC] PHP Fatal error:  Call to a member function getCurrent() on a non-object in /home/ubuntu/workspace/CST336/HW/HW2/index.php on line 73
[03-Nov-2018 06:00:50 UTC] PHP Stack trace:
[03-Nov-2018 06:00:50 UTC] PHP   1. {main}() /home/ubuntu/workspace/CST336/HW/HW2/index.php:0
[03-Nov-2018 06:00:50 UTC] PHP   2. GameBoard->getGameCurrent() /home/ubuntu/workspace/CST336/HW/HW2/index.php:85
[03-Nov-2018 06:05:55 UTC] PHP Fatal error:  Call to a member function startGame() on a non-object in /home/ubuntu/workspace/CST336/HW/HW2/index.php on line 73
[03-Nov-2018 06:05:55 UTC] PHP Stack trace:
[03-Nov-2018 06:05:55 UTC] PHP   1. {main}() /home/ubuntu/workspace/CST336/HW/HW2/index.php:0
[03-Nov-2018 06:05:55 UTC] PHP   2. GameBoard->getGameCurrent() /home/ubuntu/workspace/CST336/HW/HW2/index.php:86
[03-Nov-2018 06:07:16 UTC] PHP Fatal error:  Call to a member function startGame() on a non-object in /home/ubuntu/workspace/CST336/HW/HW2/index.php on line 73
[03-Nov-2018 06:07:16 UTC] PHP Stack trace:
[03-Nov-2018 06:07:16 UTC] PHP   1. {main}() /home/ubuntu/workspace/CST336/HW/HW2/index.php:0
[03-Nov-2018 06:07:16 UTC] PHP   2. GameBoard->getGameCurrent() /home/ubuntu/workspace/CST336/HW/HW2/index.php:86
[03-Nov-2018 06:07:27 UTC] PHP Fatal error:  Call to a member function startGame() on a non-object in /home/ubuntu/workspace/CST336/HW/HW2/index.php on line 73
[03-Nov-2018 06:07:27 UTC] PHP Stack trace:
[03-Nov-2018 06:07:27 UTC] PHP   1. {main}() /home/ubuntu/workspace/CST336/HW/HW2/index.php:0
[03-Nov-2018 06:07:27 UTC] PHP   2. GameBoard->getGameCurrent() /home/ubuntu/workspace/CST336/HW/HW2/index.php:86
[03-Nov-2018 06:07:28 UTC] PHP Fatal error:  Call to a member function startGame() on a non-object in /home/ubuntu/workspace/CST336/HW/HW2/index.php on line 73
[03-Nov-2018 06:07:28 UTC] PHP Stack trace:
[03-Nov-2018 06:07:28 UTC] PHP   1. {main}() /home/ubuntu/workspace/CST336/HW/HW2/index.php:0
[03-Nov-2018 06:07:28 UTC] PHP   2. GameBoard->getGameCurrent() /home/ubuntu/workspace/CST336/HW/HW2/index.php:86
[03-Nov-2018 06:07:38 UTC] PHP Fatal error:  Call to a member function startGame() on a non-object in /home/ubuntu/workspace/CST336/HW/HW2/index.php on line 73
[03-Nov-2018 06:07:38 UTC] PHP Stack trace:
[03-Nov-2018 06:07:38 UTC] PHP   1. {main}() /home/ubuntu/workspace/CST336/HW/HW2/index.php:0
[03-Nov-2018 06:07:38 UTC] PHP   2. GameBoard->getGameCurrent() /home/ubuntu/workspace/CST336/HW/HW2/index.php:86
[03-Nov-2018 06:07:39 UTC] PHP Fatal error:  Call to a member function startGame() on a non-object in /home/ubuntu/workspace/CST336/HW/HW2/index.php on line 73
[03-Nov-2018 06:07:39 UTC] PHP Stack trace:
[03-Nov-2018 06:07:39 UTC] PHP   1. {main}() /home/ubuntu/workspace/CST336/HW/HW2/index.php:0
[03-Nov-2018 06:07:39 UTC] PHP   2. GameBoard->getGameCurrent() /home/ubuntu/workspace/CST336/HW/HW2/index.php:86
[03-Nov-2018 06:08:07 UTC] PHP Fatal error:  Call to undefined function startGame() in /home/ubuntu/workspace/CST336/HW/HW2/index.php on line 73
[03-Nov-2018 06:08:07 UTC] PHP Stack trace:
[03-Nov-2018 06:08:07 UTC] PHP   1. {main}() /home/ubuntu/workspace/CST336/HW/HW2/index.php:0
[03-Nov-2018 06:08:07 UTC] PHP   2. GameBoard->getGameCurrent() /home/ubuntu/workspace/CST336/HW/HW2/index.php:86
[03-Nov-2018 06:08:09 UTC] PHP Fatal error:  Call to undefined function startGame() in /home/ubuntu/workspace/CST336/HW/HW2/index.php on line 73
[03-Nov-2018 06:08:09 UTC] PHP Stack trace:
[03-Nov-2018 06:08:09 UTC] PHP   1. {main}() /home/ubuntu/workspace/CST336/HW/HW2/index.php:0
[03-Nov-2018 06:08:09 UTC] PHP   2. GameBoard->getGameCurrent() /home/ubuntu/workspace/CST336/HW/HW2/index.php:86
[03-Nov-2018 06:08:10 UTC] PHP Fatal error:  Call to undefined function startGame() in /home/ubuntu/workspace/CST336/HW/HW2/index.php on line 73
[03-Nov-2018 06:08:10 UTC] PHP Stack trace:
[03-Nov-2018 06:08:10 UTC] PHP   1. {main}() /home/ubuntu/workspace/CST336/HW/HW2/index.php:0
[03-Nov-2018 06:08:10 UTC] PHP   2. GameBoard->getGameCurrent() /home/ubuntu/workspace/CST336/HW/HW2/index.php:86
[03-Nov-2018 06:08:10 UTC] PHP Fatal error:  Call to undefined function startGame() in /home/ubuntu/workspace/CST336/HW/HW2/index.php on line 73
[03-Nov-2018 06:08:10 UTC] PHP Stack trace:
[03-Nov-2018 06:08:10 UTC] PHP   1. {main}() /home/ubuntu/workspace/CST336/HW/HW2/index.php:0
[03-Nov-2018 06:08:10 UTC] PHP   2. GameBoard->getGameCurrent() /home/ubuntu/workspace/CST336/HW/HW2/index.php:86
[03-Nov-2018 06:09:07 UTC] PHP Warning:  Missing argument 1 for GameBoard::initGame(), called in /home/ubuntu/workspace/CST336/HW/HW2/index.php on line 82 and defined in /home/ubuntu/workspace/CST336/HW/HW2/index.php on line 57
[03-Nov-2018 06:09:07 UTC] PHP Stack trace:
[03-Nov-2018 06:09:07 UTC] PHP   1. {main}() /home/ubuntu/workspace/CST336/HW/HW2/index.php:0
[03-Nov-2018 06:09:07 UTC] PHP   2. GameBoard->initGame() /home/ubuntu/workspace/CST336/HW/HW2/index.php:82
