[31-Oct-2018 04:35:27 UTC] PHP Warning:  include(inc/function.php): failed to open stream: No such file or directory in /home/ubuntu/workspace/CST336/Labs/Lab2/index.php on line 6
[31-Oct-2018 04:35:27 UTC] PHP Stack trace:
[31-Oct-2018 04:35:27 UTC] PHP   1. {main}() /home/ubuntu/workspace/CST336/Labs/Lab2/index.php:0
[31-Oct-2018 04:35:27 UTC] PHP Warning:  include(): Failed opening 'inc/function.php' for inclusion (include_path='.:/usr/share/php:/usr/share/pear') in /home/ubuntu/workspace/CST336/Labs/Lab2/index.php on line 6
[31-Oct-2018 04:35:27 UTC] PHP Stack trace:
[31-Oct-2018 04:35:27 UTC] PHP   1. {main}() /home/ubuntu/workspace/CST336/Labs/Lab2/index.php:0
[31-Oct-2018 04:35:27 UTC] PHP Fatal error:  Call to undefined function play() in /home/ubuntu/workspace/CST336/Labs/Lab2/index.php on line 11
[31-Oct-2018 04:35:27 UTC] PHP Stack trace:
[31-Oct-2018 04:35:27 UTC] PHP   1. {main}() /home/ubuntu/workspace/CST336/Labs/Lab2/index.php:0
[31-Oct-2018 04:35:29 UTC] PHP Warning:  include(inc/function.php): failed to open stream: No such file or directory in /home/ubuntu/workspace/CST336/Labs/Lab2/index.php on line 6
[31-Oct-2018 04:35:29 UTC] PHP Stack trace:
[31-Oct-2018 04:35:29 UTC] PHP   1. {main}() /home/ubuntu/workspace/CST336/Labs/Lab2/index.php:0
[31-Oct-2018 04:35:29 UTC] PHP Warning:  include(): Failed opening 'inc/function.php' for inclusion (include_path='.:/usr/share/php:/usr/share/pear') in /home/ubuntu/workspace/CST336/Labs/Lab2/index.php on line 6
[31-Oct-2018 04:35:29 UTC] PHP Stack trace:
[31-Oct-2018 04:35:29 UTC] PHP   1. {main}() /home/ubuntu/workspace/CST336/Labs/Lab2/index.php:0
[31-Oct-2018 04:35:29 UTC] PHP Fatal error:  Call to undefined function play() in /home/ubuntu/workspace/CST336/Labs/Lab2/index.php on line 11
[31-Oct-2018 04:35:29 UTC] PHP Stack trace:
[31-Oct-2018 04:35:29 UTC] PHP   1. {main}() /home/ubuntu/workspace/CST336/Labs/Lab2/index.php:0
[31-Oct-2018 05:19:24 UTC] PHP Parse error:  syntax error, unexpected 'echo' (T_ECHO), expecting ',' or ';' in /home/ubuntu/workspace/CST336/Labs/Lab2/inc/function.php on line 46
[31-Oct-2018 05:19:24 UTC] PHP Stack trace:
[31-Oct-2018 05:19:24 UTC] PHP   1. {main}() /home/ubuntu/workspace/CST336/Labs/Lab2/index.php:0
[07-Nov-2018 05:05:13 UTC] PHP Parse error:  syntax error, unexpected '<' in /home/ubuntu/workspace/CST336/Labs/Lab3/index.php on line 28
[07-Nov-2018 05:06:27 UTC] PHP Parse error:  syntax error, unexpected '<' in /home/ubuntu/workspace/CST336/Labs/Lab3/index.php on line 28
[07-Nov-2018 05:06:49 UTC] PHP Parse error:  syntax error, unexpected '<' in /home/ubuntu/workspace/CST336/Labs/Lab3/index.php on line 28
[07-Nov-2018 06:06:28 UTC] PHP Parse error:  syntax error, unexpected end of file in /home/ubuntu/workspace/CST336/Labs/Lab3/index.php on line 57
[07-Nov-2018 06:07:15 UTC] PHP Parse error:  syntax error, unexpected end of file in /home/ubuntu/workspace/CST336/Labs/Lab3/index.php on line 57
[07-Nov-2018 06:11:44 UTC] PHP Parse error:  syntax error, unexpected end of file in /home/ubuntu/workspace/CST336/Labs/Lab3/index.php on line 57
[07-Nov-2018 06:13:05 UTC] PHP Parse error:  syntax error, unexpected end of file in /home/ubuntu/workspace/CST336/Labs/Lab3/index.php on line 57
[07-Nov-2018 06:13:13 UTC] PHP Parse error:  syntax error, unexpected end of file in /home/ubuntu/workspace/CST336/Labs/Lab3/index.php on line 57
[07-Nov-2018 06:15:02 UTC] PHP Parse error:  syntax error, unexpected end of file in /home/ubuntu/workspace/CST336/Labs/Lab3/index.php on line 57
[07-Nov-2018 06:15:27 UTC] PHP Parse error:  syntax error, unexpected end of file in /home/ubuntu/workspace/CST336/Labs/Lab3/index.php on line 57
[07-Nov-2018 06:16:30 UTC] PHP Parse error:  syntax error, unexpected end of file in /home/ubuntu/workspace/CST336/Labs/Lab3/index.php on line 57
[07-Nov-2018 06:16:46 UTC] PHP Parse error:  syntax error, unexpected end of file in /home/ubuntu/workspace/CST336/Labs/Lab3/index.php on line 57
[07-Nov-2018 06:33:55 UTC] PHP Fatal error:  Maximum execution time of 300 seconds exceeded in /home/ubuntu/workspace/CST336/Labs/Lab3/index.php on line 39
[07-Nov-2018 06:33:55 UTC] PHP Stack trace:
[07-Nov-2018 06:33:55 UTC] PHP   1. {main}() /home/ubuntu/workspace/CST336/Labs/Lab3/index.php:0
[07-Nov-2018 06:34:52 UTC] PHP Fatal error:  Maximum execution time of 300 seconds exceeded in /home/ubuntu/workspace/CST336/Labs/Lab3/index.php on line 39
[07-Nov-2018 06:34:52 UTC] PHP Stack trace:
[07-Nov-2018 06:34:52 UTC] PHP   1. {main}() /home/ubuntu/workspace/CST336/Labs/Lab3/index.php:0
[07-Nov-2018 06:47:09 UTC] PHP Parse error:  syntax error, unexpected '}' in /home/ubuntu/workspace/CST336/Labs/Lab3/index.php on line 67
[07-Nov-2018 07:05:45 UTC] PHP Parse error:  syntax error, unexpected end of file in /home/ubuntu/workspace/CST336/Labs/Lab3/index.php on line 97
[07-Nov-2018 07:19:14 UTC] PHP Fatal error:  Maximum execution time of 300 seconds exceeded in /home/ubuntu/workspace/CST336/Labs/Lab3/index.php on line 40
[07-Nov-2018 07:19:14 UTC] PHP Stack trace:
[07-Nov-2018 07:19:14 UTC] PHP   1. {main}() /home/ubuntu/workspace/CST336/Labs/Lab3/index.php:0
[07-Nov-2018 07:21:58 UTC] PHP Fatal error:  Maximum execution time of 300 seconds exceeded in /home/ubuntu/workspace/CST336/Labs/Lab3/index.php on line 64
[07-Nov-2018 07:21:58 UTC] PHP Stack trace:
[07-Nov-2018 07:21:58 UTC] PHP   1. {main}() /home/ubuntu/workspace/CST336/Labs/Lab3/index.php:0
[07-Nov-2018 09:45:38 UTC] PHP Fatal error:  Maximum execution time of 300 seconds exceeded in /home/ubuntu/workspace/CST336/Labs/Lab3/index.php on line 79
[07-Nov-2018 09:45:38 UTC] PHP Stack trace:
[07-Nov-2018 09:45:38 UTC] PHP   1. {main}() /home/ubuntu/workspace/CST336/Labs/Lab3/index.php:0
[08-Nov-2018 02:52:35 UTC] PHP Fatal error:  Maximum execution time of 300 seconds exceeded in /home/ubuntu/workspace/CST336/Labs/Lab3/index.php on line 92
[08-Nov-2018 02:52:36 UTC] PHP Stack trace:
[08-Nov-2018 02:52:36 UTC] PHP   1. {main}() /home/ubuntu/workspace/CST336/Labs/Lab3/index.php:0
[08-Nov-2018 03:11:03 UTC] PHP Fatal error:  Maximum execution time of 300 seconds exceeded in /home/ubuntu/workspace/CST336/Labs/Lab3/index.php on line 92
[08-Nov-2018 03:11:04 UTC] PHP Stack trace:
[08-Nov-2018 03:11:04 UTC] PHP   1. {main}() /home/ubuntu/workspace/CST336/Labs/Lab3/index.php:0
[08-Nov-2018 03:12:49 UTC] PHP Parse error:  syntax error, unexpected 'count' (T_STRING), expecting ',' or ';' in /home/ubuntu/workspace/CST336/Labs/Lab3/index.php on line 37
[08-Nov-2018 03:14:21 UTC] PHP Parse error:  syntax error, unexpected 'var_dump' (T_STRING), expecting ',' or ';' in /home/ubuntu/workspace/CST336/Labs/Lab3/index.php on line 37
[08-Nov-2018 03:39:53 UTC] PHP Fatal error:  Maximum execution time of 300 seconds exceeded in /home/ubuntu/workspace/CST336/Labs/Lab3/index.php on line 79
[08-Nov-2018 03:39:53 UTC] PHP Stack trace:
[08-Nov-2018 03:39:53 UTC] PHP   1. {main}() /home/ubuntu/workspace/CST336/Labs/Lab3/index.php:0
[08-Nov-2018 03:44:58 UTC] PHP Fatal error:  Maximum execution time of 300 seconds exceeded in /home/ubuntu/workspace/CST336/Labs/Lab3/index.php on line 79
[08-Nov-2018 03:45:00 UTC] PHP Stack trace:
[08-Nov-2018 03:45:00 UTC] PHP   1. {main}() /home/ubuntu/workspace/CST336/Labs/Lab3/index.php:0
[08-Nov-2018 03:51:36 UTC] PHP Parse error:  syntax error, unexpected 'if' (T_IF) in /home/ubuntu/workspace/CST336/Labs/Lab3/index.php on line 91
